#
# There is insufficient memory for the Java Runtime Environment to continue.
# Native memory allocation (malloc) failed to allocate 1048576 bytes for AllocateHeap
# Possible reasons:
#   The system is out of physical RAM or swap space
#   In 32 bit mode, the process size limit was hit
# Possible solutions:
#   Reduce memory load on the system
#   Increase physical memory or swap space
#   Check if swap backing store is full
#   Use 64 bit Java on a 64 bit OS
#   Decrease Java heap size (-Xmx/-Xms)
#   Decrease number of Java threads
#   Decrease Java thread stack sizes (-Xss)
#   Set larger code cache with -XX:ReservedCodeCacheSize=
# This output file may be truncated or incomplete.
#
#  Out of Memory Error (memory/allocation.inline.hpp:61), pid=12744, tid=0x00000000000014a4
#
# JRE version:  (8.0_161-b12) (build )
# Java VM: Java HotSpot(TM) 64-Bit Server VM (25.161-b12 mixed mode windows-amd64 compressed oops)
# Failed to write core dump. Minidumps are not enabled by default on client versions of Windows
#

---------------  T H R E A D  ---------------

Current thread (0x0000000003069800):  JavaThread "Unknown thread" [_thread_in_vm, id=5284, stack(0x0000000002f60000,0x0000000003060000)]

Stack: [0x0000000002f60000,0x0000000003060000]
[error occurred during error reporting (printing stack bounds), id 0xc0000005]

Native frames: (J=compiled Java code, j=interpreted, Vv=VM code, C=native code)


---------------  P R O C E S S  ---------------

Java Threads: ( => current thread )

Other Threads:

=>0x0000000003069800 (exited) JavaThread "Unknown thread" [_thread_in_vm, id=5284, stack(0x0000000002f60000,0x0000000003060000)]

VM state:not at safepoint (normal execution)

VM Mutex/Monitor currently owned by a thread: None

Heap:
 PSYoungGen      total 75776K, used 1300K [0x000000076b600000, 0x0000000770a80000, 0x00000007c0000000)
  eden space 65024K, 2% used [0x000000076b600000,0x000000076b7451f8,0x000000076f580000)
  from space 10752K, 0% used [0x0000000770000000,0x0000000770000000,0x0000000770a80000)
  to   space 10752K, 0% used [0x000000076f580000,0x000000076f580000,0x0000000770000000)
 ParOldGen       total 173568K, used 0K [0x00000006c2200000, 0x00000006ccb80000, 0x000000076b600000)
  object space 173568K, 0% used [0x00000006c2200000,0x00000006c2200000,0x00000006ccb80000)
 Metaspace       used 770K, capacity 4480K, committed 4480K, reserved 1056768K
  class space    used 75K, capacity 384K, committed 384K, reserved 1048576K

Card table byte_map: [0x0000000012700000,0x0000000012ef0000] byte_map_base: 0x000000000f0ef000

Marking Bits: (ParMarkBitMap*) 0x000000006ef6f860
 Begin Bits: [0x0000000013c40000, 0x0000000017bb8000)
 End Bits:   [0x0000000017bb8000, 0x000000001bb30000)

Polling page: 0x0000000001120000

CodeCache: size=245760Kb used=328Kb max_used=328Kb free=245431Kb
 bounds [0x0000000003340000, 0x00000000035b0000, 0x0000000012340000]
 total_blobs=58 nmethods=0 adapters=38
 compilation: enabled

Compilation events (0 events):
No events

GC Heap History (0 events):
No events

Deoptimization events (0 events):
No events

Classes redefined (0 events):
No events

Internal exceptions (0 events):
No events

Events (10 events):
Event: 0.066 loading class java/lang/Short
Event: 0.066 loading class java/lang/Short done
Event: 0.066 loading class java/lang/Integer
Event: 0.066 loading class java/lang/Integer done
Event: 0.066 loading class java/lang/Long
Event: 0.066 loading class java/lang/Long done
Event: 0.068 loading class java/lang/NullPointerException
Event: 0.068 loading class java/lang/NullPointerException done
Event: 0.068 loading class java/lang/ArithmeticException
Event: 0.068 loading class java/lang/ArithmeticException done


Dynamic libraries:
0x00007ff6ea660000 - 0x00007ff6ea697000 	D:\Program Files\Java\jdk1.8.0_161\bin\java.exe
0x00007ffcdfb80000 - 0x00007ffcdfd6d000 	C:\Windows\SYSTEM32\ntdll.dll
0x00007ffcddd10000 - 0x00007ffcdddc3000 	C:\Windows\System32\KERNEL32.DLL
0x00007ffcdbf90000 - 0x00007ffcdc223000 	C:\Windows\System32\KERNELBASE.dll
0x00007ffcdf460000 - 0x00007ffcdf503000 	C:\Windows\System32\ADVAPI32.dll
0x00007ffcddc70000 - 0x00007ffcddd0e000 	C:\Windows\System32\msvcrt.dll
0x00007ffcdd640000 - 0x00007ffcdd6de000 	C:\Windows\System32\sechost.dll
0x00007ffcdd6e0000 - 0x00007ffcdd802000 	C:\Windows\System32\RPCRT4.dll
0x00007ffcdcf70000 - 0x00007ffcdd107000 	C:\Windows\System32\USER32.dll
0x00007ffcdbca0000 - 0x00007ffcdbcc0000 	C:\Windows\System32\win32u.dll
0x00007ffcdd110000 - 0x00007ffcdd139000 	C:\Windows\System32\GDI32.dll
0x00007ffcdbcf0000 - 0x00007ffcdbe89000 	C:\Windows\System32\gdi32full.dll
0x00007ffcdc460000 - 0x00007ffcdc500000 	C:\Windows\System32\msvcp_win.dll
0x00007ffcdbe90000 - 0x00007ffcdbf8a000 	C:\Windows\System32\ucrtbase.dll
0x00007ffccc050000 - 0x00007ffccc2c9000 	C:\Windows\WinSxS\amd64_microsoft.windows.common-controls_6595b64144ccf1df_6.0.17763.1039_none_de701650534c7021\COMCTL32.dll
0x00007ffcdd310000 - 0x00007ffcdd63c000 	C:\Windows\System32\combase.dll
0x00007ffcdcc70000 - 0x00007ffcdccee000 	C:\Windows\System32\bcryptPrimitives.dll
0x00007ffcdcf40000 - 0x00007ffcdcf6e000 	C:\Windows\System32\IMM32.DLL
0x000000006eff0000 - 0x000000006f0c2000 	D:\Program Files\Java\jdk1.8.0_161\jre\bin\msvcr100.dll
0x000000006e750000 - 0x000000006efef000 	D:\Program Files\Java\jdk1.8.0_161\jre\bin\server\jvm.dll
0x00007ffcdf510000 - 0x00007ffcdf518000 	C:\Windows\System32\PSAPI.DLL
0x00007ffcc99d0000 - 0x00007ffcc99d9000 	C:\Windows\SYSTEM32\WSOCK32.dll
0x00007ffcdf580000 - 0x00007ffcdf5ed000 	C:\Windows\System32\WS2_32.dll
0x00007ffcd9c90000 - 0x00007ffcd9cb4000 	C:\Windows\SYSTEM32\WINMM.dll
0x00007ffcd0810000 - 0x00007ffcd081a000 	C:\Windows\SYSTEM32\VERSION.dll
0x00007ffcd9810000 - 0x00007ffcd983d000 	C:\Windows\SYSTEM32\WINMMBASE.dll
0x00007ffcdc410000 - 0x00007ffcdc45a000 	C:\Windows\System32\cfgmgr32.dll
0x000000006e740000 - 0x000000006e74f000 	D:\Program Files\Java\jdk1.8.0_161\jre\bin\verify.dll
0x000000006e710000 - 0x000000006e739000 	D:\Program Files\Java\jdk1.8.0_161\jre\bin\java.dll
0x000000006e6c0000 - 0x000000006e6e3000 	D:\Program Files\Java\jdk1.8.0_161\jre\bin\instrument.dll
0x000000006e6f0000 - 0x000000006e706000 	D:\Program Files\Java\jdk1.8.0_161\jre\bin\zip.dll

VM Arguments:
jvm_args: -XX:TieredStopAtLevel=1 -Xverify:none -Dspring.output.ansi.enabled=always -Dcom.sun.management.jmxremote -Dspring.jmx.enabled=true -Dspring.liveBeansView.mbeanDomain -Dspring.application.admin.enabled=true -javaagent:D:\ideal\lib\idea_rt.jar=2775:D:\ideal\bin -Dfile.encoding=UTF-8 
java_command: cn.how2j.trend.IndexGatherStoreApplication
java_class_path (initial): D:\Program Files\Java\jdk1.8.0_161\jre\lib\charsets.jar;D:\Program Files\Java\jdk1.8.0_161\jre\lib\deploy.jar;D:\Program Files\Java\jdk1.8.0_161\jre\lib\ext\access-bridge-64.jar;D:\Program Files\Java\jdk1.8.0_161\jre\lib\ext\cldrdata.jar;D:\Program Files\Java\jdk1.8.0_161\jre\lib\ext\dnsns.jar;D:\Program Files\Java\jdk1.8.0_161\jre\lib\ext\jaccess.jar;D:\Program Files\Java\jdk1.8.0_161\jre\lib\ext\jfxrt.jar;D:\Program Files\Java\jdk1.8.0_161\jre\lib\ext\localedata.jar;D:\Program Files\Java\jdk1.8.0_161\jre\lib\ext\nashorn.jar;D:\Program Files\Java\jdk1.8.0_161\jre\lib\ext\sunec.jar;D:\Program Files\Java\jdk1.8.0_161\jre\lib\ext\sunjce_provider.jar;D:\Program Files\Java\jdk1.8.0_161\jre\lib\ext\sunmscapi.jar;D:\Program Files\Java\jdk1.8.0_161\jre\lib\ext\sunpkcs11.jar;D:\Program Files\Java\jdk1.8.0_161\jre\lib\ext\zipfs.jar;D:\Program Files\Java\jdk1.8.0_161\jre\lib\javaws.jar;D:\Program Files\Java\jdk1.8.0_161\jre\lib\jce.jar;D:\Program Files\Java\jdk1.8.0_161\jre\lib\jfr.jar;D:\Program Files\Java\jdk1.8.0_161\jre\lib\jfxswt.jar;D:\Program Files\Java\jdk1.8.0_161\jre\lib\jsse.jar;D:\Program Files\Java\jdk1.8.0_161\jre\lib\management-agent.jar;D:\Program Files\Java\jdk1.8.0_161\jre\lib\plugin.jar;D:\Program Files\Java\jdk1.8.0_161\jre\lib\resources.jar;D:\Program Files\Java\jdk1.8.0_161\jre\lib\rt.jar;E:\project\trendParentProject\index-gather-store-service\target\classes;D:\maven\repository\org\springframework\boot\spring-boot-starter-web\2.0.3.RELEASE\spring-boot-starter-web-2.0.3.RELEASE.jar;D:\maven\repository\org\springframework\boot\spring-boot-starter\2.0.3.RELEASE\spring-boot-starter-2.0.3.RELEASE.jar;D:\maven\repository\org\springframework\boot\spring-boot\2.0.3.RELEASE\spring-boot-2.0.3.RELEASE.jar;D:\maven\repository\org\springframework\boot\spring-boot-autoconfigure\2.0.3.RELEASE\spring-boot-autoconfigure-2.0.3.RELEASE.jar;D:\maven\repository\org\springframework\boot\spring-boot-starter-logging\2.0.3.RELEASE\spring-boot-starte
Launcher Type: SUN_STANDARD

Environment Variables:
JAVA_HOME=D:\Program Files\Java\jdk1.8.0_161
PATH=D:\ideal\jbr\\bin;D:\ideal\jbr\\bin\server;D:\xftp\;D:\xshell\;C:\ProgramData\Oracle\Java\javapath;%JAVA_HOME%\bin;C:\Windows\system32;C:\Windows;C:\Windows\System32\Wbem;C:\Windows\System32\WindowsPowerShell\v1.0\;C:\Windows\System32\OpenSSH\;C:\Program Files\Intel\WiFi\bin\;C:\Program Files\Common Files\Intel\WirelessCommon\;C:\Program Files (x86)\NVIDIA Corporation\PhysX\Common;D:\Program Files\mysql\bin;D:\maven\apache-maven-3.5.4\bin;D:\Gits\Git\cmd;D:\tortoiseGit\bin;D:\erl9.2\bin;D:\RabbitMQ Server\rabbitmq_server-3.7.4\sbin;D:\nodejs\;D:\swagger-ui-master\node_modules\.bin;D:\OpenSSL-Win64\bin;D:\Program Files\Java\jdk1.8.0_161\bin;C:\Users\76492\AppData\Local\Microsoft\WindowsApps;D:\nodejs\;C:\Users\76492\AppData\Roaming\npm
USERNAME=76492
OS=Windows_NT
PROCESSOR_IDENTIFIER=Intel64 Family 6 Model 142 Stepping 12, GenuineIntel



---------------  S Y S T E M  ---------------

OS: Windows 10.0 , 64 bit Build 17763 (10.0.17763.475)

CPU:total 8 (initial active 8) (4 cores per cpu, 2 threads per core) family 6 model 142 stepping 12, cmov, cx8, fxsr, mmx, sse, sse2, sse3, ssse3, sse4.1, sse4.2, popcnt, avx, avx2, aes, clmul, erms, 3dnowpref, lzcnt, ht, tsc, tscinvbit, bmi1, bmi2, adx

Memory: 4k page, physical 16631092k(6582068k free), swap 29738288k(5424k free)

vm_info: Java HotSpot(TM) 64-Bit Server VM (25.161-b12) for windows-amd64 JRE (1.8.0_161-b12), built on Dec 19 2017 17:52:25 by "java_re" with MS VC++ 10.0 (VS2010)

time: Fri Jul 24 18:13:42 2020
elapsed time: 0 seconds (0d 0h 0m 0s)

